0 info it worked if it ends with ok
1 verbose cli [ 'C:\\Program Files\\nodejs\\node.exe',
1 verbose cli   'C:\\Users\\Antoine\\AppData\\Roaming\\npm\\node_modules\\npm\\bin\\npm-cli.js',
1 verbose cli   'install',
1 verbose cli   'generator-karma:app' ]
2 info using npm@3.8.2
3 info using node@v6.4.0
4 silly loadCurrentTree Starting
5 silly install loadCurrentTree
6 silly install readLocalPackageData
7 silly fetchPackageMetaData generator-karma:app
8 silly fetchPackageMetaData Error: Unsupported URL Type: generator-karma:app
8 silly fetchPackageMetaData     at parseUrl (C:\Users\Antoine\AppData\Roaming\npm\node_modules\npm\node_modules\npm-package-arg\npa.js:169:13)
8 silly fetchPackageMetaData     at npa (C:\Users\Antoine\AppData\Roaming\npm\node_modules\npm\node_modules\npm-package-arg\npa.js:75:12)
8 silly fetchPackageMetaData     at module.exports (C:\Users\Antoine\AppData\Roaming\npm\node_modules\npm\node_modules\realize-package-specifier\index.js:12:15)
8 silly fetchPackageMetaData     at fetchPackageMetadata (C:\Users\Antoine\AppData\Roaming\npm\node_modules\npm\lib\fetch-package-metadata.js:54:12)
8 silly fetchPackageMetaData     at C:\Users\Antoine\AppData\Roaming\npm\node_modules\npm\lib\install\deps.js:181:5
8 silly fetchPackageMetaData     at C:\Users\Antoine\AppData\Roaming\npm\node_modules\npm\node_modules\slide\lib\async-map.js:52:35
8 silly fetchPackageMetaData     at Array.forEach (native)
8 silly fetchPackageMetaData     at C:\Users\Antoine\AppData\Roaming\npm\node_modules\npm\node_modules\slide\lib\async-map.js:52:11
8 silly fetchPackageMetaData     at Array.forEach (native)
8 silly fetchPackageMetaData     at asyncMap (C:\Users\Antoine\AppData\Roaming\npm\node_modules\npm\node_modules\slide\lib\async-map.js:51:8)
8 silly fetchPackageMetaData  error for generator-karma:app Error: Unsupported URL Type: generator-karma:app
8 silly fetchPackageMetaData     at parseUrl (C:\Users\Antoine\AppData\Roaming\npm\node_modules\npm\node_modules\npm-package-arg\npa.js:169:13)
8 silly fetchPackageMetaData     at npa (C:\Users\Antoine\AppData\Roaming\npm\node_modules\npm\node_modules\npm-package-arg\npa.js:75:12)
8 silly fetchPackageMetaData     at module.exports (C:\Users\Antoine\AppData\Roaming\npm\node_modules\npm\node_modules\realize-package-specifier\index.js:12:15)
8 silly fetchPackageMetaData     at fetchPackageMetadata (C:\Users\Antoine\AppData\Roaming\npm\node_modules\npm\lib\fetch-package-metadata.js:54:12)
8 silly fetchPackageMetaData     at C:\Users\Antoine\AppData\Roaming\npm\node_modules\npm\lib\install\deps.js:181:5
8 silly fetchPackageMetaData     at C:\Users\Antoine\AppData\Roaming\npm\node_modules\npm\node_modules\slide\lib\async-map.js:52:35
8 silly fetchPackageMetaData     at Array.forEach (native)
8 silly fetchPackageMetaData     at C:\Users\Antoine\AppData\Roaming\npm\node_modules\npm\node_modules\slide\lib\async-map.js:52:11
8 silly fetchPackageMetaData     at Array.forEach (native)
8 silly fetchPackageMetaData     at asyncMap (C:\Users\Antoine\AppData\Roaming\npm\node_modules\npm\node_modules\slide\lib\async-map.js:51:8)
9 silly rollbackFailedOptional Starting
10 silly rollbackFailedOptional Finishing
11 silly runTopLevelLifecycles Starting
12 silly runTopLevelLifecycles Finishing
13 silly install printInstalled
14 verbose stack Error: Unsupported URL Type: generator-karma:app
14 verbose stack     at parseUrl (C:\Users\Antoine\AppData\Roaming\npm\node_modules\npm\node_modules\npm-package-arg\npa.js:169:13)
14 verbose stack     at npa (C:\Users\Antoine\AppData\Roaming\npm\node_modules\npm\node_modules\npm-package-arg\npa.js:75:12)
14 verbose stack     at module.exports (C:\Users\Antoine\AppData\Roaming\npm\node_modules\npm\node_modules\realize-package-specifier\index.js:12:15)
14 verbose stack     at fetchPackageMetadata (C:\Users\Antoine\AppData\Roaming\npm\node_modules\npm\lib\fetch-package-metadata.js:54:12)
14 verbose stack     at C:\Users\Antoine\AppData\Roaming\npm\node_modules\npm\lib\install\deps.js:181:5
14 verbose stack     at C:\Users\Antoine\AppData\Roaming\npm\node_modules\npm\node_modules\slide\lib\async-map.js:52:35
14 verbose stack     at Array.forEach (native)
14 verbose stack     at C:\Users\Antoine\AppData\Roaming\npm\node_modules\npm\node_modules\slide\lib\async-map.js:52:11
14 verbose stack     at Array.forEach (native)
14 verbose stack     at asyncMap (C:\Users\Antoine\AppData\Roaming\npm\node_modules\npm\node_modules\slide\lib\async-map.js:51:8)
15 verbose cwd C:\Users\Antoine\Desktop\angularfirst\angularfirst
16 error Windows_NT 10.0.14393
17 error argv "C:\\Program Files\\nodejs\\node.exe" "C:\\Users\\Antoine\\AppData\\Roaming\\npm\\node_modules\\npm\\bin\\npm-cli.js" "install" "generator-karma:app"
18 error node v6.4.0
19 error npm  v3.8.2
20 error Unsupported URL Type: generator-karma:app
21 error If you need help, you may report this error at:
21 error     <https://github.com/npm/npm/issues>
22 verbose exit [ 1, true ]
